
5월 26, 2020 09:11:13.85 NEW SESSION
5월 26, 2020 09:11:13.85 [8436:4356:0526/091113.850:ERROR:browser_switcher_service.cc(238)] XXX Init()
5월 26, 2020 09:11:20.55 [8436:4356:0526/091120.552:ERROR:device_event_log_impl.cc(162)] [09:11:20.552] Bluetooth: bluetooth_adapter_winrt.cc:1055 Getting Default Adapter failed.
5월 26, 2020 11:37:27.08 [8436:7784:0526/113727.087:ERROR:socket_stream.cc(218)] Closing stream with result -2
5월 26, 2020 13:19:59.73 [8436:7784:0526/131959.734:ERROR:socket_stream.cc(218)] Closing stream with result -2
5월 26, 2020 13:20:02.78 [8436:7784:0526/132002.786:ERROR:socket_stream.cc(218)] Closing stream with result -2
5월 26, 2020 13:55:37.91 [8436:7784:0526/135537.889:ERROR:connection_factory_impl.cc(420)] Failed to connect to MCS endpoint with error -106
5월 26, 2020 16:54:19.42 [8436:7784:0526/165419.424:ERROR:socket_stream.cc(218)] Closing stream with result -2

5월 27, 2020 17:12:25.18 NEW SESSION
5월 27, 2020 17:12:25.18 [5520:10220:0527/171225.076:ERROR:browser_switcher_service.cc(238)] XXX Init()
5월 27, 2020 17:12:36.27 [5520:10220:0527/171236.274:ERROR:device_event_log_impl.cc(162)] [17:12:36.274] Bluetooth: bluetooth_adapter_winrt.cc:1055 Getting Default Adapter failed.

5월 28, 2020 09:20:24.80 NEW SESSION
5월 28, 2020 09:20:24.80 [2400:7668:0528/092024.806:ERROR:browser_switcher_service.cc(238)] XXX Init()
5월 28, 2020 09:20:34.41 [2400:7668:0528/092034.418:ERROR:device_event_log_impl.cc(162)] [09:20:34.418] Bluetooth: bluetooth_adapter_winrt.cc:1055 Getting Default Adapter failed.
5월 28, 2020 13:20:39.98 [2400:708:0528/132039.979:ERROR:socket_stream.cc(218)] Closing stream with result -2
5월 28, 2020 13:20:42.77 [2400:708:0528/132042.772:ERROR:socket_stream.cc(218)] Closing stream with result -2
5월 28, 2020 13:47:20.93 [2400:9756:0528/134720.520:ERROR:get_updates_processor.cc(258)] PostClientToServerMessage() failed during GetUpdates with error 2
5월 28, 2020 13:47:24.63 [2400:708:0528/134720.524:ERROR:connection_factory_impl.cc(420)] Failed to connect to MCS endpoint with error -106

5월 29, 2020 09:30:42.82 NEW SESSION
5월 29, 2020 09:30:42.82 [8512:5812:0529/093042.821:ERROR:browser_switcher_service.cc(238)] XXX Init()
5월 29, 2020 09:30:48.89 [8512:5812:0529/093048.890:ERROR:device_event_log_impl.cc(162)] [09:30:48.890] Bluetooth: bluetooth_adapter_winrt.cc:1055 Getting Default Adapter failed.
5월 29, 2020 13:12:05.68 [8512:4200:0529/131205.680:ERROR:socket_stream.cc(218)] Closing stream with result -2
5월 29, 2020 13:12:09.00 [8512:4200:0529/131209.001:ERROR:socket_stream.cc(218)] Closing stream with result -2
5월 29, 2020 13:49:50.56 [8512:4200:0529/134946.524:ERROR:connection_factory_impl.cc(420)] Failed to connect to MCS endpoint with error -106

6월 01, 2020 09:26:13.51 NEW SESSION
6월 01, 2020 09:26:13.51 [6868:10188:0601/092613.519:ERROR:device_event_log_impl.cc(208)] [09:26:13.528] Bluetooth: bluetooth_adapter_winrt.cc:1060 Getting Default Adapter failed.
6월 01, 2020 10:35:37.47 [8316:3316:0601/103537.474:ERROR:device_event_log_impl.cc(208)] [10:35:37.471] Bluetooth: bluetooth_adapter_winrt.cc:1060 Getting Default Adapter failed.
6월 01, 2020 13:20:20.59 [8316:2036:0601/132020.594:ERROR:socket_stream.cc(218)] Closing stream with result -2
6월 01, 2020 13:20:22.96 [8316:2036:0601/132022.967:ERROR:socket_stream.cc(218)] Closing stream with result -2
6월 01, 2020 13:55:22.89 [8316:5180:0601/135522.546:ERROR:get_updates_processor.cc(258)] PostClientToServerMessage() failed during GetUpdates with error 2
6월 01, 2020 13:55:23.41 [8316:2036:0601/135522.546:ERROR:connection_factory_impl.cc(420)] Failed to connect to MCS endpoint with error -106
6월 01, 2020 16:46:44.26 [1928:8984:0601/164644.263:ERROR:device_event_log_impl.cc(208)] [16:46:44.262] Bluetooth: bluetooth_adapter_winrt.cc:1060 Getting Default Adapter failed.

6월 03, 2020 09:48:24.21 NEW SESSION
6월 03, 2020 09:48:24.21 [5396:7964:0603/094824.213:ERROR:device_event_log_impl.cc(208)] [09:48:24.213] Bluetooth: bluetooth_adapter_winrt.cc:1060 Getting Default Adapter failed.
6월 03, 2020 09:57:49.35 [6628:5852:0603/095749.358:ERROR:device_event_log_impl.cc(208)] [09:57:49.358] Bluetooth: bluetooth_adapter_winrt.cc:1060 Getting Default Adapter failed.
6월 03, 2020 09:58:57.82 [2392:7240:0603/095857.827:ERROR:device_event_log_impl.cc(208)] [09:58:57.826] Bluetooth: bluetooth_adapter_winrt.cc:1060 Getting Default Adapter failed.
6월 03, 2020 10:00:14.75 [8808:6228:0603/100014.759:ERROR:device_event_log_impl.cc(208)] [10:00:14.759] Bluetooth: bluetooth_adapter_winrt.cc:1060 Getting Default Adapter failed.
6월 03, 2020 10:01:17.68 [1044:10088:0603/100117.689:ERROR:device_event_log_impl.cc(208)] [10:01:17.689] Bluetooth: bluetooth_adapter_winrt.cc:1060 Getting Default Adapter failed.
6월 03, 2020 12:55:31.30 [1044:10444:0603/125531.302:ERROR:socket_stream.cc(218)] Closing stream with result -2
6월 03, 2020 12:55:33.59 [1044:10444:0603/125533.591:ERROR:socket_stream.cc(218)] Closing stream with result -2
6월 03, 2020 13:30:08.56 [1044:10444:0603/133004.837:ERROR:connection_factory_impl.cc(420)] Failed to connect to MCS endpoint with error -106
6월 03, 2020 13:30:08.79 [1044:1304:0603/133004.837:ERROR:get_updates_processor.cc(258)] PostClientToServerMessage() failed during GetUpdates with error 2

6월 05, 2020 16:16:22.91 NEW SESSION
6월 05, 2020 16:16:22.91 [6668:10596:0605/161622.909:ERROR:device_event_log_impl.cc(208)] [16:16:22.909] Bluetooth: bluetooth_adapter_winrt.cc:1060 Getting Default Adapter failed.
6월 05, 2020 17:13:03.98 [9916:9184:0605/171303.985:ERROR:device_event_log_impl.cc(208)] [17:13:03.984] Bluetooth: bluetooth_adapter_winrt.cc:1060 Getting Default Adapter failed.

6월 09, 2020 09:09:46.81 NEW SESSION
6월 09, 2020 09:09:46.81 [1888:2356:0609/090946.816:ERROR:device_event_log_impl.cc(208)] [09:09:46.816] Bluetooth: bluetooth_adapter_winrt.cc:1060 Getting Default Adapter failed.
